<?xml version="1.0" encoding="UTF-8"?>
<testsuite xmlns:xsi="http://www.w3.org/2001/XMLSchema-instance" xsi:noNamespaceSchemaLocation="https://maven.apache.org/surefire/maven-surefire-plugin/xsd/surefire-test-report.xsd" version="3.0.2" name="reader.site.Comic.ComicApplicationTests" time="3.765" tests="1" errors="0" skipped="0" failures="0">
  <properties>
[...]
</properties>
  <testcase name="contextLoads" classname="reader.site.Comic.ComicApplicationTests" time="0.71">
    <system-out><![CDATA[09:25:23.543 [main] INFO org.springframework.test.context.support.AnnotationConfigContextLoaderUtils -- Could not detect default configuration classes for test class [reader.site.Comic.ComicApplicationTests]: ComicApplicationTests does not declare any static, non-private, non-final, nested classes annotated with @Configuration.
09:25:23.688 [main] INFO org.springframework.boot.test.context.SpringBootTestContextBootstrapper -- Found @SpringBootConfiguration reader.site.Comic.ComicApplication for test class reader.site.Comic.ComicApplicationTests

  .   ____          _            __ _ _
 /\\ / ___'_ __ _ _(_)_ __  __ _ \ \ \ \
( ( )\___ | '_ | '_| | '_ \/ _` | \ \ \ \
 \\/  ___)| |_)| | | | | || (_| |  ) ) ) )
  '  |____| .__|_| |_|_| |_\__, | / / / /
 =========|_|==============|___/=/_/_/_/

 :: Spring Boot ::                (v3.5.5)

2025-09-18T09:25:24.192+07:00  INFO 12736 --- [Comic] [           main] r.site.Comic.ComicApplicationTests       : Starting ComicApplicationTests using Java 21.0.8 with PID 12736 (started by Admin in D:\phuc\Code Project\ComicReaderSite\Comic)
2025-09-18T09:25:24.194+07:00  INFO 12736 --- [Comic] [           main] r.site.Comic.ComicApplicationTests       : No active profile set, falling back to 1 default profile: "default"
2025-09-18T09:25:24.897+07:00  INFO 12736 --- [Comic] [           main] .s.d.r.c.RepositoryConfigurationDelegate : Bootstrapping Spring Data MongoDB repositories in DEFAULT mode.
2025-09-18T09:25:24.968+07:00  INFO 12736 --- [Comic] [           main] .s.d.r.c.RepositoryConfigurationDelegate : Finished Spring Data repository scanning in 62 ms. Found 1 MongoDB repository interface.
2025-09-18T09:25:25.440+07:00  INFO 12736 --- [Comic] [           main] org.mongodb.driver.client                : MongoClient with metadata {"application": {"name": "Comic"}, "driver": {"name": "mongo-java-driver|sync|spring-boot", "version": "5.5.1"}, "os": {"type": "Windows", "name": "Windows 11", "architecture": "amd64", "version": "10.0"}, "platform": "Java/Eclipse Adoptium/21.0.8+9-LTS"} created with settings MongoClientSettings{readPreference=primary, writeConcern=WriteConcern{w=majority, wTimeout=null ms, journal=null}, retryWrites=true, retryReads=true, readConcern=ReadConcern{level=null}, credential=MongoCredential{mechanism=null, userName='23162037_db_user', source='admin', password=<hidden>, mechanismProperties=<hidden>}, transportSettings=null, commandListeners=[], codecRegistry=ProvidersCodecRegistry{codecProviders=[ValueCodecProvider{}, BsonValueCodecProvider{}, DBRefCodecProvider{}, DBObjectCodecProvider{}, DocumentCodecProvider{}, CollectionCodecProvider{}, IterableCodecProvider{}, MapCodecProvider{}, GeoJsonCodecProvider{}, GridFSFileCodecProvider{}, Jsr310CodecProvider{}, JsonObjectCodecProvider{}, BsonCodecProvider{}, EnumCodecProvider{}, com.mongodb.client.model.mql.ExpressionCodecProvider@47c7a9e5, com.mongodb.Jep395RecordCodecProvider@7951c3a2, com.mongodb.KotlinCodecProvider@4ed9f7b1]}, loggerSettings=LoggerSettings{maxDocumentLength=1000}, clusterSettings={hosts=[127.0.0.1:27017], srvHost=comic.ytiwgxu.mongodb.net, srvServiceName=mongodb, mode=MULTIPLE, requiredClusterType=REPLICA_SET, requiredReplicaSetName='atlas-kyxrkv-shard-0', serverSelector='null', clusterListeners='[]', serverSelectionTimeout='30000 ms', localThreshold='15 ms'}, socketSettings=SocketSettings{connectTimeoutMS=10000, readTimeoutMS=0, receiveBufferSize=0, proxySettings=ProxySettings{host=null, port=null, username=null, password=null}}, heartbeatSocketSettings=SocketSettings{connectTimeoutMS=10000, readTimeoutMS=10000, receiveBufferSize=0, proxySettings=ProxySettings{host=null, port=null, username=null, password=null}}, connectionPoolSettings=ConnectionPoolSettings{maxSize=100, minSize=0, maxWaitTimeMS=120000, maxConnectionLifeTimeMS=0, maxConnectionIdleTimeMS=0, maintenanceInitialDelayMS=0, maintenanceFrequencyMS=60000, connectionPoolListeners=[], maxConnecting=2}, serverSettings=ServerSettings{heartbeatFrequencyMS=10000, minHeartbeatFrequencyMS=500, serverMonitoringMode=AUTO, serverListeners='[]', serverMonitorListeners='[]'}, sslSettings=SslSettings{enabled=true, invalidHostNameAllowed=false, context=null}, applicationName='Comic', compressorList=[], uuidRepresentation=JAVA_LEGACY, serverApi=null, autoEncryptionSettings=null, dnsClient=null, inetAddressResolver=null, contextProvider=null, timeoutMS=null}
2025-09-18T09:25:25.474+07:00  INFO 12736 --- [Comic] [gxu.mongodb.net] org.mongodb.driver.cluster               : Adding discovered server ac-7gt1dp1-shard-00-01.ytiwgxu.mongodb.net:27017 to client view of cluster
2025-09-18T09:25:25.505+07:00  INFO 12736 --- [Comic] [gxu.mongodb.net] org.mongodb.driver.cluster               : Adding discovered server ac-7gt1dp1-shard-00-02.ytiwgxu.mongodb.net:27017 to client view of cluster
2025-09-18T09:25:25.507+07:00  INFO 12736 --- [Comic] [gxu.mongodb.net] org.mongodb.driver.cluster               : Adding discovered server ac-7gt1dp1-shard-00-00.ytiwgxu.mongodb.net:27017 to client view of cluster
2025-09-18T09:25:26.231+07:00  INFO 12736 --- [Comic] [ngodb.net:27017] org.mongodb.driver.cluster               : Monitor thread successfully connected to server with description ServerDescription{address=ac-7gt1dp1-shard-00-00.ytiwgxu.mongodb.net:27017, type=REPLICA_SET_SECONDARY, cryptd=false, state=CONNECTED, ok=true, minWireVersion=0, maxWireVersion=25, maxDocumentSize=16777216, logicalSessionTimeoutMinutes=30, roundTripTimeNanos=425452100, minRoundTripTimeNanos=0, setName='atlas-kyxrkv-shard-0', canonicalAddress=ac-7gt1dp1-shard-00-00.ytiwgxu.mongodb.net:27017, hosts=[ac-7gt1dp1-shard-00-01.ytiwgxu.mongodb.net:27017, ac-7gt1dp1-shard-00-00.ytiwgxu.mongodb.net:27017, ac-7gt1dp1-shard-00-02.ytiwgxu.mongodb.net:27017], passives=[], arbiters=[], primary='ac-7gt1dp1-shard-00-02.ytiwgxu.mongodb.net:27017', tagSet=TagSet{[Tag{name='availabilityZone', value='ape1-az1'}, Tag{name='diskState', value='READY'}, Tag{name='nodeType', value='ELECTABLE'}, Tag{name='provider', value='AWS'}, Tag{name='region', value='AP_EAST_1'}, Tag{name='workloadType', value='OPERATIONAL'}]}, electionId=null, setVersion=8, topologyVersion=TopologyVersion{processId=68c42bee3707c7a498364b96, counter=4}, lastWriteDate=Thu Sep 18 09:25:25 ICT 2025, lastUpdateTimeNanos=3233182951000}
2025-09-18T09:25:26.231+07:00  INFO 12736 --- [Comic] [ngodb.net:27017] org.mongodb.driver.cluster               : Monitor thread successfully connected to server with description ServerDescription{address=ac-7gt1dp1-shard-00-01.ytiwgxu.mongodb.net:27017, type=REPLICA_SET_SECONDARY, cryptd=false, state=CONNECTED, ok=true, minWireVersion=0, maxWireVersion=25, maxDocumentSize=16777216, logicalSessionTimeoutMinutes=30, roundTripTimeNanos=425452100, minRoundTripTimeNanos=0, setName='atlas-kyxrkv-shard-0', canonicalAddress=ac-7gt1dp1-shard-00-01.ytiwgxu.mongodb.net:27017, hosts=[ac-7gt1dp1-shard-00-01.ytiwgxu.mongodb.net:27017, ac-7gt1dp1-shard-00-00.ytiwgxu.mongodb.net:27017, ac-7gt1dp1-shard-00-02.ytiwgxu.mongodb.net:27017], passives=[], arbiters=[], primary='ac-7gt1dp1-shard-00-02.ytiwgxu.mongodb.net:27017', tagSet=TagSet{[Tag{name='availabilityZone', value='ape1-az2'}, Tag{name='diskState', value='READY'}, Tag{name='nodeType', value='ELECTABLE'}, Tag{name='provider', value='AWS'}, Tag{name='region', value='AP_EAST_1'}, Tag{name='workloadType', value='OPERATIONAL'}]}, electionId=null, setVersion=8, topologyVersion=TopologyVersion{processId=68c432286a3e3753f0cdb3cc, counter=3}, lastWriteDate=Thu Sep 18 09:25:25 ICT 2025, lastUpdateTimeNanos=3233182950900}
2025-09-18T09:25:26.231+07:00  INFO 12736 --- [Comic] [ngodb.net:27017] org.mongodb.driver.cluster               : Monitor thread successfully connected to server with description ServerDescription{address=ac-7gt1dp1-shard-00-02.ytiwgxu.mongodb.net:27017, type=REPLICA_SET_PRIMARY, cryptd=false, state=CONNECTED, ok=true, minWireVersion=0, maxWireVersion=25, maxDocumentSize=16777216, logicalSessionTimeoutMinutes=30, roundTripTimeNanos=417446500, minRoundTripTimeNanos=0, setName='atlas-kyxrkv-shard-0', canonicalAddress=ac-7gt1dp1-shard-00-02.ytiwgxu.mongodb.net:27017, hosts=[ac-7gt1dp1-shard-00-01.ytiwgxu.mongodb.net:27017, ac-7gt1dp1-shard-00-00.ytiwgxu.mongodb.net:27017, ac-7gt1dp1-shard-00-02.ytiwgxu.mongodb.net:27017], passives=[], arbiters=[], primary='ac-7gt1dp1-shard-00-02.ytiwgxu.mongodb.net:27017', tagSet=TagSet{[Tag{name='availabilityZone', value='ape1-az3'}, Tag{name='diskState', value='READY'}, Tag{name='nodeType', value='ELECTABLE'}, Tag{name='provider', value='AWS'}, Tag{name='region', value='AP_EAST_1'}, Tag{name='workloadType', value='OPERATIONAL'}]}, electionId=7fffffff0000000000000040, setVersion=8, topologyVersion=TopologyVersion{processId=68c42ef52b725ac5f5e85f50, counter=6}, lastWriteDate=Thu Sep 18 09:25:25 ICT 2025, lastUpdateTimeNanos=3233182951000}
2025-09-18T09:25:26.235+07:00  INFO 12736 --- [Comic] [ngodb.net:27017] org.mongodb.driver.cluster               : Discovered replica set primary ac-7gt1dp1-shard-00-02.ytiwgxu.mongodb.net:27017 with max election id 7fffffff0000000000000040 and max set version 8
2025-09-18T09:25:26.402+07:00  INFO 12736 --- [Comic] [           main] r.site.Comic.ComicApplicationTests       : Started ComicApplicationTests in 2.525 seconds (process running for 3.524)
]]></system-out>
    <system-err><![CDATA[Mockito is currently self-attaching to enable the inline-mock-maker. This will no longer work in future releases of the JDK. Please add Mockito as an agent to your build as described in Mockito's documentation: https://javadoc.io/doc/org.mockito/mockito-core/latest/org.mockito/org/mockito/Mockito.html#0.3
WARNING: A Java agent has been loaded dynamically (C:\Users\Admin\.m2\repository\net\bytebuddy\byte-buddy-agent\1.17.7\byte-buddy-agent-1.17.7.jar)
WARNING: If a serviceability tool is in use, please run with -XX:+EnableDynamicAgentLoading to hide this warning
WARNING: If a serviceability tool is not in use, please run with -Djdk.instrument.traceUsage for more information
WARNING: Dynamic loading of agents will be disallowed by default in a future release
]]></system-err>
  </testcase>
</testsuite>